<?xml version="1.0" encoding="UTF-8"?>
<!-- Generated by org.testng.reporters.JUnitReportReporter -->
<testsuite hostname="DESKTOP-DKBJ6S5" failures="0" tests="2" name="runner.Order_Confirmation_Runner2" time="0.301" errors="0" timestamp="2024-08-12T09:54:53 IST" skipped="0">
  <testcase classname="runner.Order_Confirmation_Runner2" name="runScenario" time="0.035"/>
  <system-out/>
  <testcase classname="runner.Order_Confirmation_Runner2" name="runScenario" time="0.266"/>
  <system-out/>
</testsuite> <!-- runner.Order_Confirmation_Runner2 -->
