<?xml version="1.0" encoding="UTF-8"?>
<!-- Generated by org.testng.reporters.JUnitReportReporter -->
<testsuite hostname="DESKTOP-DKBJ6S5" failures="0" tests="1" name="runner.DataTableRegRunner" time="0.296" errors="0" timestamp="2024-08-03T19:33:27 IST" skipped="0">
  <testcase classname="runner.DataTableRegRunner" name="runScenario" time="0.296"/>
  <system-out/>
</testsuite> <!-- runner.DataTableRegRunner -->
