<?xml version="1.0" encoding="UTF-8"?>
<!-- Generated by org.testng.reporters.JUnitReportReporter -->
<testsuite hostname="DESKTOP-DKBJ6S5" failures="0" tests="1" name="runner.DataRunner" time="0.213" errors="0" timestamp="2024-08-06T09:36:32 IST" skipped="0">
  <testcase classname="runner.DataRunner" name="runScenario" time="0.213"/>
  <system-out/>
</testsuite> <!-- runner.DataRunner -->
