<?xml version="1.0" encoding="UTF-8"?>
<!-- Generated by org.testng.reporters.JUnitReportReporter -->
<testsuite hostname="DESKTOP-DKBJ6S5" failures="0" tests="1" name="runner.LoginRunner" time="0.169" errors="0" timestamp="2024-08-06T09:32:14 IST" skipped="0">
  <testcase classname="runner.LoginRunner" name="runScenario" time="0.169"/>
  <system-out/>
</testsuite> <!-- runner.LoginRunner -->
