<?xml version="1.0" encoding="UTF-8"?>
<!-- Generated by org.testng.reporters.JUnitReportReporter -->
<testsuite hostname="DESKTOP-DKBJ6S5" failures="0" tests="1" name="runner.Order_Confirmation_Runner" time="0.374" errors="0" timestamp="2024-08-09T08:06:49 IST" skipped="0">
  <testcase classname="runner.Order_Confirmation_Runner" name="runScenario" time="0.374"/>
  <system-out/>
</testsuite> <!-- runner.Order_Confirmation_Runner -->
