<?xml version="1.0" encoding="UTF-8"?>
<!-- Generated by org.testng.reporters.JUnitReportReporter -->
<testsuite hostname="DESKTOP-DKBJ6S5" failures="0" tests="3" name="runner.HookWithTagRunner" time="0.450" errors="0" timestamp="2024-08-06T10:15:32 IST" skipped="0">
  <testcase classname="runner.HookWithTagRunner" name="runScenario" time="0.039"/>
  <system-out/>
  <testcase classname="runner.HookWithTagRunner" name="runScenario" time="0.127"/>
  <system-out/>
  <testcase classname="runner.HookWithTagRunner" name="runScenario" time="0.284"/>
  <system-out/>
</testsuite> <!-- runner.HookWithTagRunner -->
