<?xml version="1.0" encoding="UTF-8"?>
<!-- Generated by org.testng.reporters.JUnitReportReporter -->
<testsuite hostname="DESKTOP-DKBJ6S5" failures="0" tests="4" name="runner.ScenarioOutlineBackgroundRunner" time="0.292" errors="0" timestamp="2024-08-06T09:31:02 IST" skipped="0">
  <testcase classname="runner.ScenarioOutlineBackgroundRunner" name="runScenario" time="0.036"/>
  <system-out/>
  <testcase classname="runner.ScenarioOutlineBackgroundRunner" name="runScenario" time="0.045"/>
  <system-out/>
  <testcase classname="runner.ScenarioOutlineBackgroundRunner" name="runScenario" time="0.016"/>
  <system-out/>
  <testcase classname="runner.ScenarioOutlineBackgroundRunner" name="runScenario" time="0.195"/>
  <system-out/>
</testsuite> <!-- runner.ScenarioOutlineBackgroundRunner -->
