<?xml version="1.0" encoding="UTF-8"?>
<!-- Generated by org.testng.reporters.JUnitReportReporter -->
<testsuite hostname="DESKTOP-DKBJ6S5" failures="0" tests="2" name="runner.HooksCampainRunner" time="0.271" errors="0" timestamp="2024-08-06T09:32:49 IST" skipped="0">
  <testcase classname="runner.HooksCampainRunner" name="runScenario" time="0.206"/>
  <system-out/>
  <testcase classname="runner.HooksCampainRunner" name="runScenario" time="0.065"/>
  <system-out/>
</testsuite> <!-- runner.HooksCampainRunner -->
