<?xml version="1.0" encoding="UTF-8"?>
<!-- Generated by org.testng.reporters.JUnitReportReporter -->
<testsuite hostname="DESKTOP-DKBJ6S5" failures="0" tests="3" name="runner.profileRunner" time="0.268" errors="0" timestamp="2024-07-31T00:18:47 IST" skipped="0">
  <testcase classname="runner.profileRunner" name="runScenario" time="0.022"/>
  <system-out/>
  <testcase classname="runner.profileRunner" name="runScenario" time="0.034"/>
  <system-out/>
  <testcase classname="runner.profileRunner" name="runScenario" time="0.212"/>
  <system-out/>
</testsuite> <!-- runner.profileRunner -->
