<?xml version="1.0" encoding="UTF-8"?>
<!-- Generated by org.testng.reporters.JUnitReportReporter -->
<testsuite hostname="DESKTOP-DKBJ6S5" failures="0" tests="3" name="runner.tagsRunner" time="0.241" errors="0" timestamp="2024-08-06T09:29:32 IST" skipped="0">
  <testcase classname="runner.tagsRunner" name="runScenario" time="0.020"/>
  <system-out/>
  <testcase classname="runner.tagsRunner" name="runScenario" time="0.023"/>
  <system-out/>
  <testcase classname="runner.tagsRunner" name="runScenario" time="0.198"/>
  <system-out/>
</testsuite> <!-- runner.tagsRunner -->
